Found 216 number of chromosome interaction pairs. Expected around 231
PRINTING items()
22:6=2
11:21=2
22:7=2
11:20=2
22:4=2
16:3=2
15:17=2
18:6=2
14:15=2
14:17=2
14:16=2
14:18=2
22:8=2
21:22=2
20:21=2
13:15=2
13:16=2
13:17=2
2:20=2
12:20=2
19:3=2
19:4=2
19:6=2
19:7=2
12:19=2
12:18=2
12:16=2
17:7=2
17:2=2
16:9=2
16:8=2
10:8=2
14:3=2
10:12=2
14:4=2
14:6=2
16:4=2
10:17=2
10:11=2
21:7=2
1:19=2
20:8=2
20:9=2
20:7=2
12:3=2
11:17=2
17:18=2
18:3=2
17:4=2
4:8=2
1:22=2
18:8=2
21:8=2
11:18=2
11:19=2
10:22=2
11:13=2
21:3=2
21:4=2
17:8=2
15:18=4
15:19=4
4:7=4
18:9=4
16:22=4
16:20=4
13:18=4
13:19=4
2:22=4
12:22=4
12:21=4
15:2=4
12:15=4
13:8=4
13:4=4
16:7=4
14:8=4
1:21=4
2:9=4
10:16=4
21:6=4
15:22=4
3:4=4
1:17=4
15:21=4
12:9=4
12:8=4
15:20=4
21:9=4
11:12=4
11:14=4
11:15=4
8:9=6
18:7=6
13:14=6
16:17=6
20:3=6
15:8=6
15:3=6
19:2=6
19:5=6
1:13=6
11:4=6
11:8=6
12:2=6
17:6=6
13:2=6
13:3=6
13:6=6
10:4=6
14:7=6
10:18=6
10:15=6
12:7=6
2:3=6
10:21=6
11:22=8
15:16=8
13:7=8
4:9=8
15:4=8
15:6=8
15:7=8
17:3=8
10:6=8
3:9=8
7:8=8
1:10=8
6:9=8
6:8=8
12:4=8
20:5=8
18:21=8
18:22=8
2:8=8
16:18=10
11:2=10
11:3=10
11:7=10
10:2=10
14:5=10
10:13=10
1:20=10
1:15=10
12:6=10
16:2=10
11:9=11
2:4=12
4:6=12
11:6=12
10:7=12
3:8=12
3:7=12
7:9=12
1:4=12
1:8=14
1:9=14
1:18=14
6:7=16
1:11=16
14:22=16
3:6=16
1:12=16
2:7=16
22:5=16
16:6=18
21:5=18
1:2=20
10:3=22
1:16=22
17:5=24
2:6=24
1:7=26
5:9=26
1:3=28
1:6=28
16:5=30
15:5=34
18:5=34
13:5=40
5:8=56
14:9=58
11:5=64
10:5=64
12:5=68
4:5=86
13:22=88
3:5=92
5:7=120
2:5=120
5:6=126
1:5=166
13:9=364
22:9=716
21:21=1368
18:18=1642
14:14=1829
13:13=2034
19:19=2133
20:20=2146
22:22=2252
15:15=2852
17:17=3082
16:16=3108
9:9=3211
4:4=3392
8:8=3894
12:12=3982
10:10=4012
11:11=4622
5:5=5170
3:3=5625
7:7=5784
6:6=6677
2:2=7122
1:1=11674
count      216.000000
mean       421.796296
std       1413.596767
min          2.000000
25%          2.000000
50%          6.000000
75%         16.000000
max      11674.000000
dtype: float64
sum of interactions: 91108
TRANS INTERACTIONS!
15:17=2
22:6=2
11:21=2
22:7=2
11:20=2
22:4=2
16:3=2
10:17=2
18:6=2
4:8=2
14:15=2
14:17=2
14:16=2
14:18=2
22:8=2
21:22=2
20:21=2
13:15=2
13:16=2
13:17=2
2:20=2
12:20=2
19:3=2
19:4=2
19:6=2
19:7=2
12:19=2
12:18=2
12:16=2
17:7=2
17:2=2
16:9=2
16:8=2
10:8=2
14:3=2
10:12=2
14:4=2
14:6=2
16:4=2
10:11=2
1:22=2
21:7=2
1:19=2
20:8=2
20:9=2
20:7=2
12:3=2
11:17=2
17:18=2
18:3=2
17:4=2
18:8=2
21:8=2
11:18=2
11:19=2
10:22=2
11:13=2
21:3=2
21:4=2
17:8=2
15:18=4
15:19=4
4:7=4
18:9=4
16:22=4
16:20=4
13:18=4
13:19=4
2:22=4
12:22=4
12:21=4
15:2=4
12:15=4
13:8=4
13:4=4
16:7=4
14:8=4
1:21=4
2:9=4
10:16=4
21:6=4
3:4=4
1:17=4
15:21=4
12:9=4
12:8=4
15:20=4
15:22=4
21:9=4
11:12=4
11:14=4
11:15=4
8:9=6
18:7=6
13:14=6
16:17=6
15:8=6
15:3=6
19:2=6
19:5=6
11:4=6
11:8=6
17:6=6
13:2=6
13:3=6
13:6=6
10:4=6
14:7=6
10:18=6
10:15=6
1:13=6
20:3=6
12:7=6
12:2=6
2:3=6
10:21=6
11:22=8
15:16=8
4:9=8
20:5=8
15:4=8
15:6=8
15:7=8
17:3=8
13:7=8
10:6=8
3:9=8
7:8=8
1:10=8
6:9=8
6:8=8
12:4=8
18:21=8
18:22=8
2:8=8
16:2=10
16:18=10
1:15=10
11:2=10
11:3=10
11:7=10
10:2=10
14:5=10
10:13=10
1:20=10
12:6=10
11:9=11
2:4=12
4:6=12
11:6=12
10:7=12
3:8=12
3:7=12
7:9=12
1:4=12
1:9=14
1:18=14
1:8=14
6:7=16
1:11=16
14:22=16
3:6=16
1:12=16
2:7=16
22:5=16
16:6=18
21:5=18
1:2=20
10:3=22
1:16=22
17:5=24
2:6=24
1:7=26
5:9=26
1:3=28
1:6=28
16:5=30
18:5=34
15:5=34
13:5=40
5:8=56
14:9=58
11:5=64
10:5=64
12:5=68
4:5=86
13:22=88
3:5=92
5:7=120
2:5=120
5:6=126
1:5=166
13:9=364
22:9=716
count    194.000000
mean      18.025773
std       60.897981
min        2.000000
25%        2.000000
50%        6.000000
75%       10.000000
max      716.000000
dtype: float64
sum of interactions: 3497
