CHR1	SNP1	CHR2	SNP2	BETA_INT	STAT	P	probe	probe_ILML
1	rs4846085	13	rs7989895	0.051	0.3005	0.5836	5550253	ILMN_1651385
11	rs11032695	18	rs872311	0.03946	0.09191	0.7618	4040364	ILMN_1651705
10	rs12784396	11	rs7108734	-0.3897	4.007	0.04531	240097	ILMN_1651886
17	rs9892064	17	rs898095	1.183	59.4	1.284e-14	4010021	ILMN_1652333
8	rs2896452	13	rs12429804	-0.02544	0.01464	0.9037	1510452	ILMN_1653205
8	rs2896452	18	rs12454561	-0.2079	0.7011	0.4024	1510452	ILMN_1653205
4	rs1004564	8	rs2896452	0.2222	1.236	0.2663	1510452	ILMN_1653205
8	rs2896452	14	rs7152284	0.05871	0.07464	0.7847	1510452	ILMN_1653205
8	rs2896452	16	rs8051751	0.1156	0.2561	0.6128	1510452	ILMN_1653205
4	rs1455268	8	rs4333645	-0.06186	0.1491	0.6993	3130349	ILMN_1654545
3	rs12490878	10	rs10906857	0.1303	0.7725	0.3795	3930382	ILMN_1656378
6	rs1047944	12	rs11613438	-0.5922	3.637	0.05651	3450180	ILMN_1658247
12	rs2072133	12	rs13311	-0.6275	3.784	0.05175	3450180	ILMN_1658247
13	rs7981190	17	rs949805	0.1063	1.27	0.2597	2640324	ILMN_1658639
12	rs4329748	12	rs10444467	-0.02898	0.1493	0.6992	6650189	ILMN_1660232
12	rs4329748	15	rs7495797	-0.005375	0.002721	0.9584	6650189	ILMN_1660232
1	rs12065581	12	rs11057383	0.2306	1.243	0.265	1570441	ILMN_1660549
1	rs12065581	6	rs12527241	-0.119	0.3353	0.5626	1570441	ILMN_1660549
1	rs12065581	7	rs12532999	-0.2329	0.9734	0.3238	1570441	ILMN_1660549
1	rs12065581	16	rs725613	-0.1736	0.6017	0.4379	1570441	ILMN_1660549
1	rs12065581	13	rs9575097	0.1031	0.2271	0.6337	1570441	ILMN_1660549
14	rs11160227	21	rs459498	-0.3869	1.373	0.2413	1690066	ILMN_1662358
3	rs4973801	21	rs459498	0.1547	0.2804	0.5965	1690066	ILMN_1662358
21	rs8130120	21	rs459498	0.1417	0.2498	0.6172	1690066	ILMN_1662358
9	rs928046	16	rs11639998	0.6319	1.128	0.2883	5050577	ILMN_1662587
14	rs11156875	15	rs12914603	-0.04956	0.09241	0.7611	1820072	ILMN_1662617
12	rs7313235	16	rs429790	-0.198	1.08	0.2988	3170601	ILMN_1663142
6	rs722269	8	rs10955512	-0.02379	0.08895	0.7655	2060082	ILMN_1663664
6	rs2395803	20	rs11698155	-0.06204	0.1294	0.7191	2060082	ILMN_1663664
6	rs13217993	16	rs1420537	-0.02069	0.04681	0.8287	2060082	ILMN_1663664
16	rs13332406	16	rs2896940	0.05227	0.1701	0.6801	5720703	ILMN_1665982
7	rs1362032	16	rs7189819	-0.003053	0.0003895	0.9843	5720703	ILMN_1665982
4	rs1473017	16	rs7189819	-0.06659	0.2363	0.6269	5720703	ILMN_1665982
9	rs10120023	12	rs12580388	-0.03463	0.09811	0.7541	6660398	ILMN_1668063
4	rs6826085	7	rs2707575	0.08974	0.7487	0.3869	620639	ILMN_1668605
3	rs11715581	11	rs12362253	0.193	1.234	0.2667	70707	ILMN_1669484
1	rs11206043	2	rs4234091	0.04505	0.08945	0.7649	2320653	ILMN_1671568
1	rs11206043	22	rs5992637	0.1302	0.2755	0.5996	2320653	ILMN_1671568
4	rs10020773	6	rs4946705	0.01916	0.03731	0.8468	6900450	ILMN_1672443
5	rs6863172	11	rs17129799	0.2005	3.195	0.07388	1110095	ILMN_1674609
18	rs958127	21	rs1029231	-0.09962	0.8298	0.3623	3850615	ILMN_1675038
21	rs11701058	21	rs2839372	0.5521	16.05	6.182e-05	3850615	ILMN_1675038
2	rs7605821	5	rs10070522	0.006211	0.002536	0.9598	6480079	ILMN_1675191
5	rs10070522	10	rs7082031	-0.1254	0.9162	0.3385	6480079	ILMN_1675191
12	rs3741981	19	rs2892233	0.1133	0.4295	0.5123	7040035	ILMN_1675640
11	rs4758001	20	rs911019	0.05011	0.04301	0.8357	6900053	ILMN_1675656
11	rs424299	21	rs2186344	-0.2131	0.9512	0.3294	1050215	ILMN_1675756
7	rs4732202	17	rs9455	0.3759	4.766	0.02902	270615	ILMN_1677814
6	rs1883613	7	rs10435352	0.06481	0.09487	0.7581	2690239	ILMN_1678939
6	rs1883617	20	rs13044386	0.03957	0.01902	0.8903	2690239	ILMN_1678939
6	rs1883617	11	rs216495	-0.3855	1.225	0.2684	2690239	ILMN_1678939
8	rs2737422	18	rs4798075	0.05291	0.3806	0.5373	160692	ILMN_1680344
7	rs849341	12	rs757355	0.07906	0.2421	0.6227	3520463	ILMN_1682727
7	rs245884	16	rs12596791	-0.0009804	2.805e-05	0.9958	1400703	ILMN_1682928
7	rs245884	21	rs2835998	-0.05889	0.06787	0.7945	1400703	ILMN_1682928
4	rs7658240	9	rs7042087	-0.2924	2.706	0.09996	3290292	ILMN_1683792
7	rs10488630	9	rs1537146	0.02876	0.08356	0.7725	3360241	ILMN_1683811
7	rs10488630	20	rs199793	0.1162	1.31	0.2524	3360241	ILMN_1683811
16	rs1182968	21	rs909446	-0.04228	0.1526	0.696	5900286	ILMN_1684628
6	rs2395771	12	rs10862975	0.07158	0.2446	0.6209	3310091	ILMN_1688231
6	rs2395771	10	rs12412964	-0.1702	1.41	0.235	3310091	ILMN_1688231
8	rs2660665	20	rs845787	-0.1724	1.918	0.1661	2810044	ILMN_1688318
3	rs2378341	22	rs5760102	0.1434	1.898	0.1683	2360593	ILMN_1690982
4	rs6419960	19	rs649216	0.07832	0.3018	0.5828	2070561	ILMN_1691803
11	rs684856	14	rs12147460	0.3416	1.728	0.1887	2480192	ILMN_1694027
11	rs684856	15	rs355391	0.1305	0.2316	0.6304	2480192	ILMN_1694027
8	rs7004947	11	rs684856	0.04015	0.01784	0.8937	2480192	ILMN_1694027
6	rs1096699	13	rs7983718	-0.06605	0.7084	0.4	6330538	ILMN_1694711
10	rs7079264	11	rs2457684	0.03391	0.109	0.7413	5270367	ILMN_1696347
11	rs7128352	22	rs5752236	-0.1273	1.681	0.1948	5270367	ILMN_1696347
17	rs7225546	17	rs2279308	0.07464	0.8202	0.3651	7160612	ILMN_1697227
6	rs2032447	7	rs2527180	0.1538	1.767	0.1837	3930377	ILMN_1697971
4	rs4833241	14	rs12431896	0.258	4.671	0.03068	7610328	ILMN_1698777
14	rs12431896	16	rs8058066	-0.008159	0.002469	0.9604	7610328	ILMN_1698777
7	rs2950520	14	rs1147447	0.1599	1.893	0.1689	2190541	ILMN_1699631
7	rs2950520	20	rs2425256	-0.1438	0.4034	0.5253	2190541	ILMN_1699631
16	rs2290560	22	rs4823723	-0.09202	1.902	0.1679	4280167	ILMN_1700238
7	rs2242601	20	rs6056281	0.004687	0.000966	0.9752	7320594	ILMN_1701875
1	rs7695	5	rs17085428	-0.2111	1.521	0.2174	2850576	ILMN_1702787
4	rs13132719	18	rs6505780	0.03711	0.2528	0.6151	4490154	ILMN_1703754
7	rs10255470	20	rs1884655	-0.2738	2.193	0.1386	6100615	ILMN_1704730
4	rs4696726	20	rs1884655	0.07441	0.1576	0.6914	6100615	ILMN_1704730
3	rs7622580	20	rs1884655	0.3719	3.926	0.04754	6100615	ILMN_1704730
12	rs838875	20	rs1884655	-0.2033	0.661	0.4162	6100615	ILMN_1704730
13	rs9576388	20	rs1884655	0.1562	0.5886	0.4429	6100615	ILMN_1704730
20	rs1884655	20	rs2868504	-0.1264	0.4927	0.4827	6100615	ILMN_1704730
14	rs1263806	19	rs12982353	0.3882	1.478	0.2241	6250615	ILMN_1704870
2	rs933994	20	rs6021982	-0.03761	0.04483	0.8323	7040735	ILMN_1704985
1	rs10911353	15	rs8035259	0.06857	0.223	0.6367	6270706	ILMN_1706553
11	rs4963126	19	rs1548475	0.1181	0.775	0.3787	380068	ILMN_1708482
8	rs13269963	11	rs1107764	0.3347	5.571	0.01826	6960397	ILMN_1709237
1	rs2786014	8	rs2123758	0.2486	1.674	0.1957	3360131	ILMN_1710752
8	rs3889129	8	rs2123758	0.9643	34.79	3.678e-09	3360131	ILMN_1710752
4	rs4862705	8	rs2123758	0.06113	0.09548	0.7573	3360131	ILMN_1710752
6	rs6455553	8	rs2123758	0.1263	0.5183	0.4716	3360131	ILMN_1710752
7	rs700276	8	rs2123758	0.4175	4.339	0.03725	3360131	ILMN_1710752
2	rs7571561	8	rs2123758	0.09948	0.3506	0.5538	3360131	ILMN_1710752
8	rs2123758	22	rs2208123	-0.1957	1.358	0.2439	3360131	ILMN_1710752
8	rs2123758	9	rs4743420	-0.2861	1.923	0.1655	3360131	ILMN_1710752
11	rs11600990	14	rs8019823	0.1851	1.27	0.2599	3310564	ILMN_1711606
2	rs888427	4	rs2592948	0.08792	0.4154	0.5192	2370300	ILMN_1712305
2	rs888427	9	rs7852475	-0.1357	0.3781	0.5386	2370300	ILMN_1712305
9	rs4077515	11	rs4573661	-0.2853	4.897	0.02691	3060494	ILMN_1712532
14	rs175450	18	rs6567288	0.04204	0.2914	0.5893	3130079	ILMN_1713380
16	rs10492793	16	rs2188355	-0.1063	0.5283	0.4673	2190411	ILMN_1713603
14	rs3811188	14	rs1950857	-0.1705	2.566	0.1092	1240360	ILMN_1713966
11	rs1000620	13	rs2221406	-0.2866	3.533	0.06017	5560221	ILMN_1717052
5	rs7733671	20	rs1157079	0.2711	5.401	0.02013	670161	ILMN_1717234
5	rs7733671	19	rs12463169	-0.05869	0.2511	0.6163	670161	ILMN_1717234
5	rs7733671	16	rs12599264	-1.939	1.312	0.2521	670161	ILMN_1717234
5	rs7733671	5	rs12719343	-0.3197	6.625	0.01006	670161	ILMN_1717234
5	rs7733671	9	rs1410575	-0.199	2.397	0.1215	670161	ILMN_1717234
5	rs7733671	8	rs166444	-0.2128	3.264	0.0708	670161	ILMN_1717234
5	rs7733671	15	rs17648036	0.1422	0.9905	0.3196	670161	ILMN_1717234
5	rs7733671	11	rs17818702	0.1592	1.384	0.2394	670161	ILMN_1717234
5	rs7733671	14	rs227402	-0.02844	0.06409	0.8001	670161	ILMN_1717234
5	rs7733671	21	rs2822124	NA	NA	NA	670161	ILMN_1717234
5	rs7733671	6	rs3757155	-0.08949	0.6065	0.4361	670161	ILMN_1717234
5	rs7733671	7	rs4503014	0.09264	0.479	0.4889	670161	ILMN_1717234
5	rs7733671	10	rs7474890	0.2294	3.105	0.07804	670161	ILMN_1717234
1	rs10802643	5	rs7733671	-0.1845	2.694	0.1007	670161	ILMN_1717234
4	rs12650909	5	rs7733671	-0.1117	0.9476	0.3303	670161	ILMN_1717234
2	rs2203733	5	rs7733671	-0.1479	1.533	0.2157	670161	ILMN_1717234
3	rs2641772	5	rs7733671	-0.07244	0.3843	0.5353	670161	ILMN_1717234
1	rs2065841	22	rs4141404	-0.3427	2.631	0.1048	5390730	ILMN_1719986
8	rs7837237	14	rs12435486	0.04148	0.1534	0.6953	160446	ILMN_1720059
8	rs4732890	21	rs2837803	-0.09566	1.702	0.192	160446	ILMN_1720059
8	rs8180944	12	rs4765451	-0.08448	1.238	0.2659	160446	ILMN_1720059
8	rs7837237	8	rs587639	-0.07769	1.176	0.2782	160446	ILMN_1720059
3	rs4553956	8	rs8180944	-0.009982	0.01317	0.9086	160446	ILMN_1720059
7	rs7810884	8	rs8180944	0.06656	0.7252	0.3944	160446	ILMN_1720059
8	rs8180944	13	rs9521666	-0.1141	1.409	0.2353	160446	ILMN_1720059
15	rs1048166	19	rs10403312	0.08396	0.1325	0.7159	6400647	ILMN_1720083
1	rs2257182	6	rs2334323	0.1423	0.7086	0.3999	7330653	ILMN_1726989
5	rs286595	18	rs1122762	0.2863	0.282	0.5954	1690240	ILMN_1728742
12	rs2707210	16	rs1860563	0.25	1.55	0.2132	3520598	ILMN_1730816
12	rs2707210	12	rs2272500	0.1669	0.9145	0.3389	3520598	ILMN_1730816
9	rs4740848	12	rs2707210	0.6558	4.658	0.03091	3520598	ILMN_1730816
3	rs9827054	12	rs2707210	-0.04024	0.0515	0.8205	3520598	ILMN_1730816
17	rs11655031	17	rs9905940	-0.09313	0.4199	0.517	2750280	ILMN_1730928
8	rs12115088	11	rs10894861	0.03718	0.01307	0.909	5670717	ILMN_1731001
8	rs4735900	22	rs5766218	0.04686	0.2267	0.634	5670717	ILMN_1731001
8	rs12115088	18	rs726145	-0.005569	0.003972	0.9497	5670717	ILMN_1731001
7	rs11770192	7	rs7776572	0.29	9.62	0.001925	3610619	ILMN_1731043
1	rs3738725	10	rs12765847	0.07599	0.6686	0.4136	6220180	ILMN_1731064
16	rs7185362	21	rs8134646	0.05596	0.07363	0.7861	1340349	ILMN_1733932
2	rs7566044	12	rs1519956	-0.01062	0.002359	0.9613	630315	ILMN_1733998
2	rs7566044	7	rs1528529	0.0006132	4.711e-06	0.9983	630315	ILMN_1733998
1	rs1264898	1	rs10802822	0.04	0.3832	0.5359	1820196	ILMN_1734542
1	rs1264894	3	rs347331	-0.1769	7.834	0.005128	1820196	ILMN_1734542
5	rs1473927	20	rs6139887	0.03768	0.2514	0.6161	2710446	ILMN_1737685
12	rs11107847	22	rs2746971	0.4815	8.567	0.003424	5090050	ILMN_1737738
1	rs2819365	21	rs1107121	0.07709	0.1304	0.718	5570601	ILMN_1738347
1	rs2819365	17	rs8071611	0.2418	1.638	0.2005	5570601	ILMN_1738347
1	rs12120009	2	rs10930170	0.08295	0.4127	0.5206	5870746	ILMN_1738784
1	rs12120009	12	rs12423255	0.1082	0.6083	0.4354	5870746	ILMN_1738784
1	rs12120009	13	rs1889083	0.1542	1.917	0.1662	5870746	ILMN_1738784
1	rs12120009	11	rs682334	0.05805	0.2497	0.6173	5870746	ILMN_1738784
1	rs12120009	6	rs7757871	0.0408	0.1192	0.7299	5870746	ILMN_1738784
1	rs12120009	9	rs7871178	0.1228	1.179	0.2775	5870746	ILMN_1738784
2	rs13406184	19	rs2356400	-0.08282	0.4084	0.5228	6200053	ILMN_1739586
2	rs11691600	4	rs969010	0.08082	0.4002	0.527	6200053	ILMN_1739586
17	rs7213057	18	rs1942719	0.2337	5.752	0.01647	3840370	ILMN_1741180
1	rs2526698	9	rs10122902	-0.09707	0.4157	0.5191	7570022	ILMN_1741881
9	rs2273770	17	rs17780195	-0.1024	0.8864	0.3464	6380463	ILMN_1742456
5	rs7718088	9	rs2273770	-0.05812	0.3503	0.554	6380463	ILMN_1742456
11	rs11036212	14	rs2353567	-0.1086	1.011	0.3147	2710475	ILMN_1743049
11	rs11036212	17	rs4969205	0.09512	0.6615	0.416	2710475	ILMN_1743049
11	rs11036212	11	rs631562	0.1072	0.9687	0.325	2710475	ILMN_1743049
6	rs596183	19	rs3752237	0.3905	3.607	0.05753	2570100	ILMN_1743205
9	rs914737	19	rs3752237	NA	NA	NA	2570100	ILMN_1743205
19	rs2276470	19	rs1264226	0.4356	8.454	0.003642	2320356	ILMN_1743646
5	rs7701916	8	rs6985508	-0.09827	0.1663	0.6834	3310632	ILMN_1745778
19	rs4803481	20	rs200609	0.08089	2.006	0.1567	1190307	ILMN_1745949
5	rs2421050	19	rs4803481	-0.02846	0.236	0.6271	1190307	ILMN_1745949
17	rs7405659	17	rs9907897	0.1019	0.09723	0.7552	4290056	ILMN_1747347
1	rs4147592	17	rs740441	-0.1638	1.076	0.2997	7160400	ILMN_1751956
1	rs12744386	2	rs4971478	-0.06452	0.3835	0.5357	2060121	ILMN_1752728
7	rs11771552	11	rs1805	-0.1244	0.6017	0.4379	3890228	ILMN_1752932
11	rs1805	12	rs7316716	0.272	5.831	0.01574	3890228	ILMN_1752932
4	rs6553184	11	rs2568061	0.01914	0.006151	0.9375	6270112	ILMN_1752988
12	rs11169322	17	rs11080134	0.2149	3.504	0.06122	510064	ILMN_1755589
7	rs2872008	12	rs11169335	0.168	2.579	0.1083	510064	ILMN_1755589
12	rs7134595	19	rs338585	0.0562	0.1719	0.6784	510064	ILMN_1755589
8	rs1808634	12	rs7134595	-0.01055	0.00564	0.9401	510064	ILMN_1755589
10	rs4532958	12	rs7312252	-0.0363	0.1234	0.7254	510064	ILMN_1755589
12	rs12427378	12	rs871257	0.07752	0.4959	0.4813	510064	ILMN_1755589
15	rs1863464	16	rs9931702	0.01991	0.0255	0.8731	4280669	ILMN_1756999
2	rs4853333	22	rs139898	0.1652	1.108	0.2925	630278	ILMN_1757467
15	rs6497007	22	rs139898	0.1571	1	0.3172	630278	ILMN_1757467
21	rs9983949	22	rs139898	-0.1189	0.5667	0.4516	630278	ILMN_1757467
5	rs4866516	14	rs9322855	0.3465	5.153	0.02321	3930392	ILMN_1760727
21	rs3761385	21	rs9979356	0.6087	28.51	9.34e-08	1430187	ILMN_1761797
3	rs6778963	4	rs1388935	0.04003	0.2752	0.5998	2650110	ILMN_1762103
3	rs883349	9	rs1887778	0.229	6.416	0.01131	2650110	ILMN_1762103
3	rs7619193	13	rs9554833	0.05312	0.4204	0.5168	2650110	ILMN_1762103
16	rs9302752	19	rs2967636	-0.05059	0.1113	0.7386	940220	ILMN_1762594
3	rs1354034	11	rs10838191	0.2712	0.8224	0.3645	7200044	ILMN_1762764
3	rs1354034	5	rs2545385	0.3436	1.011	0.3147	7200044	ILMN_1762764
3	rs1354034	4	rs6845304	0.1144	0.1254	0.7232	7200044	ILMN_1762764
6	rs2523404	18	rs11660982	-0.05086	0.1189	0.7302	5220070	ILMN_1762861
12	rs9804943	22	rs8919	-0.2185	2.017	0.1555	1440037	ILMN_1763386
18	rs4552100	19	rs10500316	-0.2289	2.187	0.1392	1300546	ILMN_1763455
10	rs7895870	19	rs10500316	0.05145	0.1564	0.6925	1300546	ILMN_1763455
19	rs10500316	22	rs9625870	0.2734	4.785	0.02871	1300546	ILMN_1763455
16	rs2287197	21	rs9325634	0.1567	2.077	0.1495	5080746	ILMN_1763663
7	rs3823523	15	rs11073891	0.5562	1.582	0.2085	5810612	ILMN_1763837
4	rs6846031	15	rs11073891	-0.6459	3.068	0.07985	5810612	ILMN_1763837
1	rs1619856	8	rs2958482	-0.09862	1.45	0.2285	3060477	ILMN_1764721
8	rs2958482	20	rs4143674	-0.07632	1.034	0.3093	3060477	ILMN_1764721
9	rs2769594	12	rs935251	-0.02309	0.06452	0.7995	4180100	ILMN_1765076
3	rs4684443	5	rs6453374	-0.194	1.925	0.1653	2230603	ILMN_1768867
1	rs10900520	1	rs1891432	0.8017	37.09	1.129e-09	580411	ILMN_1769782
16	rs169130	19	rs3752237	0.05139	0.03314	0.8556	5550037	ILMN_1770290
13	rs7336017	19	rs3752237	0.0787	0.1312	0.7172	5550037	ILMN_1770290
4	rs6842739	20	rs1535883	0.02631	0.06836	0.7937	2510112	ILMN_1771801
11	rs541207	19	rs2353203	0.05935	0.3617	0.5475	4860711	ILMN_1772208
10	rs12771349	11	rs694739	0.03808	0.1143	0.7353	4860711	ILMN_1772208
2	rs4672884	5	rs6869411	-0.1209	0.5499	0.4583	4730349	ILMN_1774604
14	rs2197465	16	rs3809624	-0.02171	0.04905	0.8247	5390121	ILMN_1774901
4	rs1015111	16	rs7204270	-0.01874	0.01896	0.8905	5390121	ILMN_1774901
2	rs11677815	20	rs8118315	0.4581	2.006	0.1567	270068	ILMN_1775380
20	rs6060034	21	rs974607	0.2388	0.7678	0.3809	5490240	ILMN_1776188
12	rs4759890	16	rs1554999	0.06641	0.1892	0.6636	5910112	ILMN_1778010
9	rs3118663	20	rs6099626	0.05582	0.3017	0.5828	2600452	ILMN_1778032
12	rs3782908	12	rs17615703	-0.3472	1.048	0.306	2900139	ILMN_1778144
4	rs897511	12	rs3782908	0.09136	0.2496	0.6174	2900139	ILMN_1778144
12	rs3782908	17	rs4792199	0.0214	0.01156	0.9144	2900139	ILMN_1778144
12	rs3782908	15	rs4984440	-0.01499	0.006825	0.9342	2900139	ILMN_1778144
12	rs3782908	16	rs7204135	0.07174	0.1648	0.6848	2900139	ILMN_1778144
13	rs7324365	14	rs11628398	NA	NA	NA	130681	ILMN_1780533
14	rs11628398	19	rs6603134	1.681	0.6022	0.4378	130681	ILMN_1780533
11	rs1317149	14	rs10134030	-0.2485	1.506	0.2197	6940768	ILMN_1781184
11	rs7124681	13	rs7322768	0.06811	0.1679	0.682	6940768	ILMN_1781184
1	rs1320993	21	rs2823245	0.1136	1.72	0.1897	2810040	ILMN_1781457
7	rs2519515	9	rs10120023	0.06873	0.5135	0.4736	4220097	ILMN_1783996
9	rs10120023	11	rs12363827	-0.0003981	2.803e-05	0.9958	4220097	ILMN_1783996
9	rs930280	19	rs1405655	0.06995	0.3233	0.5696	2100296	ILMN_1784040
2	rs1254900	7	rs3211834	-0.09916	0.1687	0.6813	1010592	ILMN_1784863
10	rs10748526	17	rs968726	-0.00268	0.0004445	0.9832	6220278	ILMN_1785060
19	rs8106959	21	rs2839013	-0.0956	0.3582	0.5495	5670139	ILMN_1786426
19	rs8106959	20	rs6090518	-0.5521	1.325	0.2497	5670139	ILMN_1786426
19	rs7254601	19	rs807491	1.464	98.33	3.543e-23	5670139	ILMN_1786426
10	rs10508289	19	rs8106959	0.2257	2.043	0.1529	5670139	ILMN_1786426
9	rs10819626	19	rs8106959	0.2395	1.499	0.2208	5670139	ILMN_1786426
3	rs10937361	19	rs8106959	0.01657	0.009659	0.9217	5670139	ILMN_1786426
12	rs1401098	19	rs8106959	0.2739	2.834	0.09229	5670139	ILMN_1786426
18	rs1557335	19	rs8106959	0.1617	0.9542	0.3286	5670139	ILMN_1786426
14	rs17719594	19	rs8106959	-0.3625	4.658	0.03091	5670139	ILMN_1786426
8	rs1843357	19	rs8106959	-0.01574	0.008917	0.9248	5670139	ILMN_1786426
4	rs2351458	19	rs8106959	-0.1847	1.27	0.2597	5670139	ILMN_1786426
7	rs2539000	19	rs8106959	0.3324	4.56	0.03272	5670139	ILMN_1786426
5	rs2731711	19	rs8106959	-0.02357	0.02302	0.8794	5670139	ILMN_1786426
11	rs471728	19	rs8106959	-0.2731	2.894	0.0889	5670139	ILMN_1786426
2	rs6718480	19	rs8106959	0.05606	0.1026	0.7488	5670139	ILMN_1786426
6	rs6926382	19	rs8106959	-0.1851	1.477	0.2243	5670139	ILMN_1786426
17	rs7213338	19	rs8106959	0.1098	0.5098	0.4752	5670139	ILMN_1786426
1	rs914940	19	rs8106959	0.08563	0.2562	0.6127	5670139	ILMN_1786426
13	rs9509428	19	rs8106959	0.08949	0.2615	0.6091	5670139	ILMN_1786426
4	rs11725347	7	rs12718598	-0.1053	0.2566	0.6124	4900309	ILMN_1787526
7	rs12718598	18	rs674608	-0.15	0.4825	0.4873	4900309	ILMN_1787526
7	rs12718598	16	rs8058318	-0.138	0.2548	0.6137	4900309	ILMN_1787526
3	rs13079012	14	rs3825569	-0.03547	0.1004	0.7514	2690064	ILMN_1787808
8	rs1005901	11	rs5017351	-0.02191	0.04002	0.8414	3170451	ILMN_1787885
6	rs13207114	11	rs3862607	-0.02848	0.1232	0.7256	2760376	ILMN_1789176
6	rs6928843	18	rs4890648	0.004529	0.001554	0.9686	2760376	ILMN_1789176
6	rs9295415	20	rs6060930	0.0059	0.005604	0.9403	2760376	ILMN_1789176
1	rs2769689	6	rs6928843	0.02311	0.07633	0.7823	2760376	ILMN_1789176
6	rs13207114	12	rs7299749	0.07719	0.9305	0.3347	2760376	ILMN_1789176
5	rs12188164	10	rs187076	0.1534	2.163	0.1414	4730682	ILMN_1789419
2	rs7577293	13	rs4145072	-0.08211	0.06857	0.7934	5360064	ILMN_1790692
7	rs3779589	7	rs2286842	-0.1188	1.404	0.2361	5860315	ILMN_1793770
14	rs10498313	22	rs470072	-0.02873	0.02636	0.871	1440278	ILMN_1793934
1	rs954627	22	rs6518752	-0.09263	0.4574	0.4989	1440278	ILMN_1793934
22	rs6518754	22	rs715572	-0.03863	0.06321	0.8015	1440278	ILMN_1793934
14	rs1269096	17	rs7216490	0.1604	1.936	0.1641	1850414	ILMN_1794522
2	rs1553474	17	rs7216490	-0.02795	0.04276	0.8362	1850414	ILMN_1794522
8	rs2197210	17	rs7216490	-0.07001	0.2779	0.5981	1850414	ILMN_1794522
11	rs4471434	17	rs7216490	0.07495	0.493	0.4826	1850414	ILMN_1794522
3	rs11706900	17	rs400688	0.01692	0.02083	0.8852	1580521	ILMN_1794726
12	rs901964	21	rs4819271	0.1891	1.131	0.2875	6380187	ILMN_1795836
21	rs11701361	21	rs9978658	1.02	50.23	1.367e-12	6380187	ILMN_1795836
11	rs2855039	17	rs11078523	-0.7419	2.574	0.1087	450537	ILMN_1796678
11	rs2855039	19	rs12975066	0.2764	0.5227	0.4697	450537	ILMN_1796678
1	rs12042181	11	rs2855039	-0.3994	0.8104	0.368	450537	ILMN_1796678
4	rs12503379	11	rs2855039	0.5418	1.693	0.1932	450537	ILMN_1796678
9	rs7042042	11	rs4937097	-0.06143	0.2568	0.6123	4760703	ILMN_1797001
13	rs7328733	22	rs131969	-0.1107	1.552	0.2129	990020	ILMN_1797893
2	rs842647	9	rs10881585	-0.3514	5.763	0.01637	1170220	ILMN_1798308
2	rs1177303	6	rs2523971	0.01503	0.01445	0.9043	1170220	ILMN_1798308
11	rs214097	15	rs1520429	-0.2537	4.385	0.03625	5490458	ILMN_1799381
11	rs6486334	11	rs2634462	0.7158	27.98	1.223e-07	5490458	ILMN_1799381
9	rs4744894	11	rs227064	0.1947	1.413	0.2346	2070605	ILMN_1800008
5	rs750495	10	rs17469061	-0.05777	0.1976	0.6567	20465	ILMN_1800197
11	rs4922579	12	rs10879131	0.1422	1.781	0.1821	1500168	ILMN_1800276
8	rs11166957	11	rs4922579	0.05048	0.2321	0.63	1500168	ILMN_1800276
1	rs1341899	11	rs4922579	0.03291	0.1313	0.7171	1500168	ILMN_1800276
1	rs6700168	11	rs750801	-0.1548	0.6873	0.4071	2340220	ILMN_1800540
1	rs6588415	2	rs4852124	-0.104	0.8771	0.349	3290315	ILMN_1800897
1	rs301819	14	rs4982958	0.07592	0.4098	0.5221	10008	ILMN_1802380
1	rs301819	4	rs7697290	0.04771	0.1836	0.6683	10008	ILMN_1802380
8	rs17686635	12	rs3782567	-0.1422	0.7522	0.3858	360689	ILMN_1802557
12	rs7305307	22	rs241730	0.05295	0.5493	0.4586	1990390	ILMN_1803197
7	rs17725246	11	rs1940400	-0.06598	0.07627	0.7824	5220682	ILMN_1804148
1	rs4072037	11	rs1939875	-0.0126	0.03699	0.8475	1260039	ILMN_1804663
1	rs2049805	14	rs8014956	6.411e-05	1.093e-06	0.9992	1260039	ILMN_1804663
5	rs176382	18	rs924943	-0.01866	0.03325	0.8553	3890017	ILMN_1804854
6	rs2267952	7	rs10278073	-0.2691	2.134	0.1441	4010133	ILMN_1804935
6	rs2267952	8	rs1443946	-0.2605	1.936	0.1641	4010133	ILMN_1804935
6	rs2267952	9	rs348462	0.2081	1.246	0.2642	4010133	ILMN_1804935
6	rs2267952	14	rs7157055	0.1575	0.3507	0.5537	4010133	ILMN_1804935
1	rs1543675	6	rs977785	0.02769	0.04078	0.84	6840408	ILMN_1807825
1	rs6687605	15	rs1552032	-0.2997	0.1093	0.7409	1030768	ILMN_1809040
3	rs727905	13	rs4349034	0.04813	0.2094	0.6472	6550288	ILMN_1811104
3	rs6414283	4	rs6815953	-0.05655	0.2503	0.6169	6550288	ILMN_1811104
9	rs1127152	16	rs8044524	-0.08064	0.7276	0.3937	3370255	ILMN_1811301
6	rs1343244	17	rs9900173	0.03676	0.1145	0.7351	3890670	ILMN_1811648
11	rs10736812	11	rs493642	0.152	1.886	0.1696	1230017	ILMN_1812552
2	rs1531133	4	rs2131290	0.166	1.789	0.181	5090731	ILMN_1813256
11	rs3916581	13	rs1278760	0.05769	0.2638	0.6075	1230639	ILMN_1814650
11	rs3916581	11	rs1793823	-0.03673	0.1043	0.7467	1230639	ILMN_1814650
7	rs11981725	12	rs2168029	-0.3709	2.316	0.1281	3710504	ILMN_1815205
3	rs2731939	5	rs2438490	-0.05817	0.74	0.3897	4560435	ILMN_1815951
11	rs16912979	17	rs11078523	-0.6377	2.143	0.1432	4010040	ILMN_2084825
11	rs2855039	19	rs12975066	0.2825	0.5847	0.4445	4010040	ILMN_2084825
1	rs12042181	11	rs2855039	-0.4352	1.032	0.3098	4010040	ILMN_2084825
4	rs12503379	11	rs2855039	0.5768	2.056	0.1516	4010040	ILMN_2084825
2	rs888427	10	rs11257679	-0.36	6.213	0.01268	2450465	ILMN_2087692
2	rs888427	20	rs6137908	0.1286	0.7089	0.3998	2450465	ILMN_2087692
2	rs7591849	2	rs888427	0.2336	3.212	0.07311	2450465	ILMN_2087692
1	rs2460002	18	rs2279474	0.2368	3.215	0.07296	1570564	ILMN_2097790
1	rs2460002	16	rs7188668	-0.1723	0.7577	0.3841	1570564	ILMN_2097790
5	rs4700810	5	rs6894268	0.2049	2.705	0.1	540725	ILMN_2101920
4	rs1517297	8	rs4735895	-0.09898	0.7596	0.3835	650692	ILMN_2104696
10	rs10882406	19	rs1405655	-0.2017	0.9481	0.3302	3290259	ILMN_2109416
2	rs7577137	19	rs1405655	0.03761	0.04008	0.8413	3290259	ILMN_2109416
18	rs4891884	22	rs140522	-0.02973	0.02891	0.865	2350504	ILMN_2109708
6	rs831486	19	rs4803848	-0.2467	2.946	0.08608	7210717	ILMN_2115005
6	rs831489	10	rs902634	0.2052	1.858	0.1729	7210717	ILMN_2115005
2	rs4973397	2	rs7563453	-0.501	8.831	0.002962	2600035	ILMN_2121437
6	rs6906101	14	rs17112712	-0.1337	0.6577	0.4174	4050689	ILMN_2123450
6	rs13214069	6	rs6906101	0.1164	0.712	0.3988	4050689	ILMN_2123450
5	rs835223	7	rs7778910	-0.1345	1.012	0.3145	3930367	ILMN_2128428
19	rs873870	19	rs4284750	-0.3675	5.871	0.01539	2060193	ILMN_2134224
19	rs8101804	22	rs6009951	0.02244	0.01819	0.8927	5310397	ILMN_2150196
14	rs12431444	15	rs7178375	0.1358	2.604	0.1066	6980377	ILMN_2152178
6	rs7192	14	rs4899635	0.05736	0.1739	0.6767	2570564	ILMN_2157441
14	rs4899635	16	rs7192613	-0.2604	3.022	0.08214	2570564	ILMN_2157441
9	rs17455517	21	rs1034120	-0.1488	0.8445	0.3581	7330259	ILMN_2158336
12	rs2168029	18	rs177820	-0.5365	3.97	0.04632	4810162	ILMN_2162972
9	rs2253135	12	rs2168029	-0.01402	0.00345	0.9532	4810162	ILMN_2162972
9	rs17495030	14	rs3007033	0.02233	0.01405	0.9056	5220161	ILMN_2189933
6	rs1502991	14	rs4900928	0.1852	2.4	0.1213	3170184	ILMN_2189936
13	rs674754	16	rs2110603	0.1713	1.403	0.2362	7000079	ILMN_2196550
4	rs6857876	13	rs674754	-0.03995	0.07493	0.7843	7000079	ILMN_2196550
16	rs11649236	16	rs12444224	-0.09475	0.8701	0.3509	2680561	ILMN_2201966
12	rs2695290	13	rs591967	0.008936	0.001111	0.9734	2260600	ILMN_2202940
11	rs867578	12	rs6539014	0.009506	0.001334	0.9709	2260600	ILMN_2202940
11	rs7951628	19	rs1075728	-0.0998	0.8721	0.3504	70634	ILMN_2207363
7	rs17685	14	rs4073164	-0.1308	1.246	0.2642	1440187	ILMN_2210729
2	rs4849261	16	rs1401202	0.09395	0.2982	0.585	3130682	ILMN_2222750
11	rs556895	11	rs7930237	-0.7361	35.75	2.247e-09	3450138	ILMN_2242463
16	rs344363	16	rs1560104	0.1038	0.6405	0.4235	450161	ILMN_2246661
10	rs2863095	16	rs6564769	-0.2542	0.1226	0.7263	3060184	ILMN_2258774
1	rs12065581	18	rs6566669	-0.08654	0.0958	0.7569	4250711	ILMN_2283325
1	rs12065581	3	rs9290426	-0.2621	0.9902	0.3197	4250711	ILMN_2283325
9	rs966396	20	rs13039689	-0.242	1.371	0.2417	1260136	ILMN_2290118
11	rs998639	21	rs2829679	-0.0644	0.1914	0.6618	2450246	ILMN_2307032
13	rs788178	19	rs1633921	0.0236	0.02084	0.8852	7380546	ILMN_2309848
19	rs2285515	20	rs17398183	-0.03838	0.09054	0.7635	7380546	ILMN_2309848
5	rs11739594	19	rs2285515	0.01749	0.02394	0.877	7380546	ILMN_2309848
3	rs13067700	19	rs2285515	-0.2114	3.888	0.04863	7380546	ILMN_2309848
2	rs17036504	19	rs2285515	0.5981	1.178	0.2778	7380546	ILMN_2309848
3	rs13069559	9	rs10869600	-0.4654	2.959	0.0854	160253	ILMN_2313158
3	rs13069559	12	rs11053043	-0.1332	0.2467	0.6194	160253	ILMN_2313158
3	rs13069559	13	rs1164596	0.1476	0.2659	0.6061	160253	ILMN_2313158
3	rs13069559	7	rs11981513	0.479	2.784	0.09521	160253	ILMN_2313158
3	rs13079208	3	rs16864367	-1.401	46.89	7.497e-12	160253	ILMN_2313158
3	rs13069559	6	rs2030926	1.12	11.67	0.0006341	160253	ILMN_2313158
3	rs13069559	17	rs218671	-0.7912	5.593	0.01803	160253	ILMN_2313158
3	rs13069559	22	rs2213360	-0.1288	0.2282	0.6328	160253	ILMN_2313158
3	rs13069559	19	rs2305802	0.1958	0.4626	0.4964	160253	ILMN_2313158
3	rs13069559	14	rs2614467	0.2991	1.142	0.2853	160253	ILMN_2313158
3	rs13069559	4	rs4392535	-0.4096	1.657	0.1981	160253	ILMN_2313158
3	rs13069559	8	rs4735830	0.08228	0.0817	0.775	160253	ILMN_2313158
3	rs1522374	18	rs4939558	0.2198	0.759	0.3836	160253	ILMN_2313158
3	rs16864367	20	rs6128397	-0.1146	0.2497	0.6173	160253	ILMN_2313158
3	rs13069559	5	rs7710738	-0.125	0.2028	0.6525	160253	ILMN_2313158
1	rs784600	5	rs28092	0.1016	0.7224	0.3954	4210670	ILMN_2313901
1	rs301819	19	rs11085829	-0.05225	0.1813	0.6702	1230347	ILMN_2327795
1	rs301819	3	rs3852011	-0.2385	4.81	0.0283	1230347	ILMN_2327795
18	rs2051344	20	rs6079849	0.2343	1.323	0.25	4830204	ILMN_2331544
1	rs1294338	22	rs4822006	-0.06467	0.2688	0.6042	5870646	ILMN_2336109
16	rs3785354	18	rs1463965	0.02122	0.02462	0.8753	5490594	ILMN_2336133
11	rs485485	13	rs1375719	0.06531	0.1254	0.7232	6760037	ILMN_2336609
10	rs1278387	15	rs11247226	-0.06368	0.5555	0.4561	1010315	ILMN_2338197
16	rs7201194	21	rs1893592	-0.08671	0.5335	0.4651	3830220	ILMN_2338348
1	rs7512594	21	rs1893592	0.005688	0.001804	0.9661	3830220	ILMN_2338348
13	rs7324744	14	rs861544	0.1066	0.685	0.4079	3170561	ILMN_2339796
4	rs939294	20	rs11700063	0.3186	5.188	0.02274	4050128	ILMN_2345142
15	rs4965745	17	rs11557467	-0.05176	0.2999	0.5839	5390608	ILMN_2347193
3	rs1566972	15	rs12232308	0.09665	1.203	0.2727	6510279	ILMN_2349610
19	rs9305048	21	rs2827076	0.1605	0.715	0.3978	2140136	ILMN_2353633
19	rs9305048	20	rs6132112	0.1556	0.7071	0.4004	2140136	ILMN_2353633
3	rs6771703	11	rs1912136	0.06257	0.1692	0.6808	3890681	ILMN_2356111
18	rs714789	19	rs3859532	-0.07798	0.1259	0.7227	5890095	ILMN_2357419
3	rs6414306	7	rs7783715	-0.1211	0.871	0.3507	2630370	ILMN_2358069
10	rs10824092	10	rs2395095	-0.6903	39.77	2.86e-10	1030241	ILMN_2358626
3	rs1472075	21	rs8134646	-0.04351	0.2805	0.5964	2340040	ILMN_2364535
16	rs1554999	19	rs765044	0.2363	1.542	0.2143	3440754	ILMN_2368530
15	rs12591171	17	rs1533031	0.1343	0.5968	0.4398	7610440	ILMN_2370573
1	rs10888267	22	rs181405	0.02615	0.07165	0.7889	1190022	ILMN_2372413
5	rs10059004	19	rs17159840	-0.4885	1.31	0.2525	7610593	ILMN_2372639
8	rs1023095	19	rs17159840	-0.09419	0.04033	0.8408	7610593	ILMN_2372639
6	rs1375714	19	rs17159840	-1.008	6.802	0.009106	7610593	ILMN_2372639
1	rs1393299	19	rs17159840	0.1801	0.147	0.7014	7610593	ILMN_2372639
19	rs17763599	19	rs17159840	-0.07488	0.02829	0.8664	7610593	ILMN_2372639
17	rs4968328	19	rs17159840	-0.5945	2.117	0.1457	7610593	ILMN_2372639
12	rs7313362	19	rs17159840	0.1855	0.1672	0.6826	7610593	ILMN_2372639
4	rs7694997	19	rs17159840	0.2898	0.6851	0.4078	7610593	ILMN_2372639
7	rs7800935	19	rs17159840	-0.7403	2.825	0.09282	7610593	ILMN_2372639
14	rs856638	19	rs17159840	0.3498	0.6664	0.4143	7610593	ILMN_2372639
19	rs17159840	21	rs3916995	-0.6502	2.363	0.1242	7610593	ILMN_2372639
19	rs17159840	20	rs6040514	0.32	0.7089	0.3998	7610593	ILMN_2372639
2	rs10179572	19	rs7246264	1.038	2.129	0.1445	7610593	ILMN_2372639
16	rs12921440	19	rs7246264	0.1521	0.08491	0.7707	7610593	ILMN_2372639
9	rs1887778	19	rs7246264	0.5045	0.4638	0.4959	7610593	ILMN_2372639
3	rs963354	19	rs7246264	0.06276	0.0155	0.9009	7610593	ILMN_2372639
4	rs1553985	7	rs10230232	0.1238	1.208	0.2718	4540647	ILMN_2381758
10	rs17512962	16	rs7192613	-0.08661	0.3074	0.5793	5260215	ILMN_2381899
11	rs367035	19	rs11673260	0.1862	0.9995	0.3174	7400053	ILMN_2382505
7	rs3110874	11	rs367035	0.07469	0.3142	0.5751	7400053	ILMN_2382505
2	rs3772054	11	rs367035	0.03791	0.06999	0.7914	7400053	ILMN_2382505
2	rs2161037	21	rs2831914	-0.2366	1.252	0.2632	7160468	ILMN_2384181
2	rs2161037	4	rs7661304	0.03355	0.03712	0.8472	7160468	ILMN_2384181
6	rs2267952	21	rs2823165	-0.05954	0.2696	0.6036	3370041	ILMN_2387680
6	rs2267952	13	rs9596457	-0.06919	0.2991	0.5844	3370041	ILMN_2387680
4	rs6826085	22	rs2071856	-0.1055	0.9912	0.3194	5130176	ILMN_2391512
1	rs11101992	10	rs12248673	-0.2282	0.4629	0.4963	6400392	ILMN_2391861
1	rs11101992	13	rs1547574	0.1561	0.2176	0.6408	6400392	ILMN_2391861
14	rs4983382	22	rs11089825	-0.2905	1.459	0.2271	3060646	ILMN_2393450
14	rs4983382	15	rs3935344	0.1859	0.6848	0.4079	3060646	ILMN_2393450
1	rs10754644	14	rs4983382	0.2934	2.156	0.142	3060646	ILMN_2393450
18	rs2051344	22	rs139568	-0.2256	1.049	0.3056	1340678	ILMN_2398939
3	rs1125539	18	rs2051344	-0.2405	1.032	0.3096	1340678	ILMN_2398939
5	rs2619046	18	rs2051344	0.1037	0.1847	0.6674	1340678	ILMN_2398939
18	rs2051344	19	rs4805021	0.3011	1.959	0.1617	1340678	ILMN_2398939
18	rs4890876	18	rs8092433	1.682	70.75	4.052e-17	1340678	ILMN_2398939
3	rs11720112	17	rs3760489	-0.237	4.401	0.03592	3120196	ILMN_2401641
10	rs3903088	12	rs7305054	-0.09349	0.09468	0.7583	3780358	ILMN_2403228
17	rs12602462	17	rs11150847	0.794	24.42	7.764e-07	1190634	ILMN_2410783
12	rs10902506	17	rs8068856	0.1919	1.47	0.2254	1190634	ILMN_2410783
5	rs11749727	17	rs12450521	-0.259	0.1217	0.7272	840431	ILMN_2412214
16	rs2965817	16	rs352935	0.6783	19.46	1.026e-05	6060674	ILMN_2413278
